# JRE version: Java(TM) SE Runtime Environment (8.0_221-b11) (build 1.8.0_221-b11)
# Java VM: Java HotSpot(TM) 64-Bit Server VM (25.221-b11 mixed mode windows-amd64 compressed oops)
Heap:
 garbage-first heap   total 131072K, used 25088K [0x00000000c0000000, 0x00000000c0100400, 0x0000000100000000)
  region size 1024K, 11 young (11264K), 10 survivors (10240K)
 Metaspace       used 26259K, capacity 27610K, committed 27776K, reserved 1073152K
  class space    used 2848K, capacity 3331K, committed 3456K, reserved 1048576K
GC Heap History (10 events):
Event: 6.670 GC heap before
{Heap before GC invocations=0 (full 0):
 garbage-first heap   total 131072K, used 6144K [0x00000000c0000000, 0x00000000c0100400, 0x0000000100000000)
  region size 1024K, 6 young (6144K), 0 survivors (0K)
 Metaspace       used 5124K, capacity 5218K, committed 5504K, reserved 1056768K
  class space    used 558K, capacity 590K, committed 640K, reserved 1048576K
Event: 6.748 GC heap after
Heap after GC invocations=1 (full 0):
 garbage-first heap   total 131072K, used 1466K [0x00000000c0000000, 0x00000000c0100400, 0x0000000100000000)
  region size 1024K, 1 young (1024K), 1 survivors (1024K)
 Metaspace       used 5124K, capacity 5218K, committed 5504K, reserved 1056768K
  class space    used 558K, capacity 590K, committed 640K, reserved 1048576K
}
Event: 9.062 GC heap before
{Heap before GC invocations=1 (full 0):
 garbage-first heap   total 131072K, used 12730K [0x00000000c0000000, 0x00000000c0100400, 0x0000000100000000)
  region size 1024K, 12 young (12288K), 1 survivors (1024K)
 Metaspace       used 7343K, capacity 7476K, committed 7808K, reserved 1056768K
  class space    used 775K, capacity 791K, committed 896K, reserved 1048576K
Event: 9.082 GC heap after
Heap after GC invocations=2 (full 0):
 garbage-first heap   total 131072K, used 4476K [0x00000000c0000000, 0x00000000c0100400, 0x0000000100000000)
  region size 1024K, 2 young (2048K), 2 survivors (2048K)
 Metaspace       used 7343K, capacity 7476K, committed 7808K, reserved 1056768K
  class space    used 775K, capacity 791K, committed 896K, reserved 1048576K
}
Event: 60.601 GC heap before
{Heap before GC invocations=2 (full 0):
 garbage-first heap   total 131072K, used 80252K [0x00000000c0000000, 0x00000000c0100400, 0x0000000100000000)
  region size 1024K, 76 young (77824K), 2 survivors (2048K)
 Metaspace       used 18908K, capacity 19992K, committed 20224K, reserved 1067008K
  class space    used 1872K, capacity 2223K, committed 2304K, reserved 1048576K
Event: 60.670 GC heap after
Heap after GC invocations=3 (full 0):
 garbage-first heap   total 131072K, used 23082K [0x00000000c0000000, 0x00000000c0100400, 0x0000000100000000)
  region size 1024K, 10 young (10240K), 10 survivors (10240K)
 Metaspace       used 18908K, capacity 19992K, committed 20224K, reserved 1067008K
  class space    used 1872K, capacity 2223K, committed 2304K, reserved 1048576K
}
Event: 60.824 GC heap before
{Heap before GC invocations=3 (full 0):
 garbage-first heap   total 131072K, used 28202K [0x00000000c0000000, 0x00000000c0100400, 0x0000000100000000)
  region size 1024K, 16 young (16384K), 10 survivors (10240K)
 Metaspace       used 19996K, capacity 21080K, committed 21296K, reserved 1069056K
  class space    used 2005K, capacity 2351K, committed 2432K, reserved 1048576K
Event: 60.850 GC heap after
Heap after GC invocations=4 (full 0):
 garbage-first heap   total 131072K, used 23551K [0x00000000c0000000, 0x00000000c0100400, 0x0000000100000000)
  region size 1024K, 3 young (3072K), 3 survivors (3072K)
 Metaspace       used 19996K, capacity 21080K, committed 21296K, reserved 1069056K
  class space    used 2005K, capacity 2351K, committed 2432K, reserved 1048576K
}
Event: 65.380 GC heap before
{Heap before GC invocations=5 (full 0):
 garbage-first heap   total 131072K, used 89087K [0x00000000c0000000, 0x00000000c0100400, 0x0000000100000000)
  region size 1024K, 76 young (77824K), 3 survivors (3072K)
 Metaspace       used 26237K, capacity 27610K, committed 27776K, reserved 1073152K
  class space    used 2848K, capacity 3331K, committed 3456K, reserved 1048576K
Event: 65.389 GC heap after
Heap after GC invocations=6 (full 0):
 garbage-first heap   total 131072K, used 25088K [0x00000000c0000000, 0x00000000c0100400, 0x0000000100000000)
  region size 1024K, 10 young (10240K), 10 survivors (10240K)
 Metaspace       used 26237K, capacity 27610K, committed 27776K, reserved 1073152K
  class space    used 2848K, capacity 3331K, committed 3456K, reserved 1048576K
}

